npm verbose cli C:\Program Files\nodejs\node.exe C:\Program Files\nodejs\node_modules\npm\bin\npm-cli.js
npm info using npm@10.7.0
npm info using node@v22.2.0
npm verbose title npm install
npm verbose argv "install" "--legacy-peer-deps" "--loglevel" "verbose"
npm verbose logfile logs-max:10 dir:C:\Users\LewisBrennan\AppData\Local\npm-cache\_logs\2024-07-31T14_45_12_876Z-
npm verbose logfile C:\Users\LewisBrennan\AppData\Local\npm-cache\_logs\2024-07-31T14_45_12_876Z-debug-0.log
npm http fetch GET 200 https://registry.npmjs.org/browserstack-cypress-cli 293ms (cache updated)
npm http fetch GET 200 https://registry.npmjs.org/cypress 81ms (cache updated)
npm http fetch GET 200 https://registry.npmjs.org/mocha 92ms (cache revalidated)
npm http fetch GET 200 https://registry.npmjs.org/uuid 206ms (cache revalidated)
npm http fetch GET 200 https://registry.npmjs.org/table 223ms (cache revalidated)
npm http fetch GET 200 https://registry.npmjs.org/chalk 241ms (cache revalidated)
npm http fetch GET 200 https://registry.npmjs.org/mkdirp 243ms (cache revalidated)
npm http fetch GET 200 https://registry.npmjs.org/async 250ms (cache revalidated)
npm http fetch GET 200 https://registry.npmjs.org/request 253ms (cache revalidated)
npm http fetch GET 200 https://registry.npmjs.org/archiver 124ms (cache revalidated)
npm http fetch GET 200 https://registry.npmjs.org/glob 270ms (cache revalidated)
npm http fetch GET 200 https://registry.npmjs.org/yargs 277ms (cache revalidated)
npm http fetch GET 200 https://registry.npmjs.org/winston 307ms (cache revalidated)
npm http fetch GET 200 https://registry.npmjs.org/getmac 316ms (cache revalidated)
npm http fetch GET 200 https://registry.npmjs.org/fs-extra 125ms (cache revalidated)
npm http fetch GET 200 https://registry.npmjs.org/decompress 159ms (cache revalidated)
npm http fetch GET 200 https://registry.npmjs.org/requestretry 154ms (cache revalidated)
npm http fetch GET 200 https://registry.npmjs.org/git-repo-info 150ms (cache revalidated)
npm http fetch GET 200 https://registry.npmjs.org/gitconfiglocal 148ms (cache revalidated)
npm http fetch GET 200 https://registry.npmjs.org/git-last-commit 144ms (cache revalidated)
npm http fetch GET 200 https://registry.npmjs.org/tmp 86ms (cache revalidated)
npm http fetch GET 200 https://registry.npmjs.org/cli-progress 183ms (cache revalidated)
npm http fetch GET 200 https://registry.npmjs.org/windows-release 120ms (cache revalidated)
npm http fetch GET 200 https://registry.npmjs.org/browserstack-local 105ms (cache revalidated)
npm http fetch GET 200 https://registry.npmjs.org/update-notifier 159ms (cache updated)
npm http fetch GET 200 https://registry.npmjs.org/arch 86ms (cache revalidated)
npm http fetch GET 200 https://registry.npmjs.org/execa 78ms (cache revalidated)
npm http fetch GET 200 https://registry.npmjs.org/dayjs 92ms (cache revalidated)
npm http fetch GET 200 https://registry.npmjs.org/getos 101ms (cache revalidated)
npm http fetch GET 200 https://registry.npmjs.org/buffer 91ms (cache revalidated)
npm http fetch GET 200 https://registry.npmjs.org/yauzl 98ms (cache revalidated)
npm http fetch GET 200 https://registry.npmjs.org/lodash 82ms (cache revalidated)
npm http fetch GET 200 https://registry.npmjs.org/is-ci 111ms (cache revalidated)
npm http fetch GET 200 https://registry.npmjs.org/debug 151ms (cache updated)
npm http fetch GET 200 https://registry.npmjs.org/figures 84ms (cache revalidated)
npm http fetch GET 200 https://registry.npmjs.org/ospath 105ms (cache revalidated)
npm http fetch GET 200 https://registry.npmjs.org/cachedir 67ms (cache revalidated)
npm http fetch GET 200 https://registry.npmjs.org/listr2 163ms (cache updated)
npm http fetch GET 200 https://registry.npmjs.org/semver 120ms (cache revalidated)
npm http fetch GET 200 https://registry.npmjs.org/process 113ms (cache revalidated)
npm http fetch GET 200 https://registry.npmjs.org/enquirer 102ms (cache revalidated)
npm http fetch GET 200 https://registry.npmjs.org/lazy-ass 106ms (cache revalidated)
npm http fetch GET 200 https://registry.npmjs.org/bluebird 121ms (cache revalidated)
npm http fetch GET 200 https://registry.npmjs.org/minimist 87ms (cache revalidated)
npm http fetch GET 200 https://registry.npmjs.org/blob-util 111ms (cache revalidated)
npm http fetch GET 200 https://registry.npmjs.org/untildify 110ms (cache revalidated)
npm http fetch GET 200 https://registry.npmjs.org/commander 124ms (cache revalidated)
npm http fetch GET 200 https://registry.npmjs.org/cli-table3 130ms (cache revalidated)
npm http fetch GET 200 https://registry.npmjs.org/executable 114ms (cache revalidated)
npm http fetch GET 200 https://registry.npmjs.org/common-tags 109ms (cache revalidated)
npm http fetch GET 200 https://registry.npmjs.org/pretty-bytes 100ms (cache revalidated)
npm http fetch GET 200 https://registry.npmjs.org/log-symbols 104ms (cache revalidated)
npm http fetch GET 200 https://registry.npmjs.org/cli-cursor 159ms (cache updated)
npm http fetch GET 200 https://registry.npmjs.org/extract-zip 125ms (cache revalidated)
npm http fetch GET 200 https://registry.npmjs.org/@types%2fsizzle 86ms (cache revalidated)
npm http fetch GET 200 https://registry.npmjs.org/eventemitter2 82ms (cache revalidated)
npm http fetch GET 200 https://registry.npmjs.org/@cypress%2fxvfb 117ms (cache revalidated)
npm http fetch GET 200 https://registry.npmjs.org/proxy-from-env 76ms (cache revalidated)
npm http fetch GET 200 https://registry.npmjs.org/supports-color 75ms (cache revalidated)
npm http fetch GET 200 https://registry.npmjs.org/check-more-types 71ms (cache revalidated)
npm http fetch GET 200 https://registry.npmjs.org/node-ipc 607ms (cache revalidated)
npm http fetch GET 200 https://registry.npmjs.org/request-progress 85ms (cache revalidated)
npm http fetch GET 200 https://registry.npmjs.org/is-installed-globally 76ms (cache revalidated)
npm http fetch GET 200 https://registry.npmjs.org/@types%2fsinonjs__fake-timers 76ms (cache revalidated)
npm http fetch GET 200 https://registry.npmjs.org/@cypress%2frequest 109ms (cache revalidated)
npm http fetch GET 200 https://registry.npmjs.org/readable-stream 81ms (cache revalidated)
npm http fetch GET 200 https://registry.npmjs.org/readdir-glob 89ms (cache revalidated)
npm http fetch GET 200 https://registry.npmjs.org/buffer-crc32 95ms (cache revalidated)
npm http fetch GET 200 https://registry.npmjs.org/zip-stream 107ms (cache revalidated)
npm http fetch GET 200 https://registry.npmjs.org/agent-base 108ms (cache revalidated)
npm http fetch GET 200 https://registry.npmjs.org/tar-stream 119ms (cache revalidated)
npm http fetch GET 200 https://registry.npmjs.org/ps-tree 124ms (cache revalidated)
npm http fetch GET 200 https://registry.npmjs.org/is-running 126ms (cache revalidated)
npm http fetch GET 200 https://registry.npmjs.org/temp-fs 128ms (cache revalidated)
npm http fetch GET 200 https://registry.npmjs.org/https-proxy-agent 133ms (cache revalidated)
npm http fetch GET 200 https://registry.npmjs.org/archiver-utils 145ms (cache revalidated)
npm http fetch GET 200 https://registry.npmjs.org/string-width 124ms (cache revalidated)
npm http fetch GET 200 https://registry.npmjs.org/ansi-styles 130ms (cache revalidated)
npm http fetch GET 200 https://registry.npmjs.org/decompress-tar 126ms (cache revalidated)
npm http fetch GET 200 https://registry.npmjs.org/graceful-fs 126ms (cache revalidated)
npm http fetch GET 200 https://registry.npmjs.org/decompress-tarbz2 148ms (cache revalidated)
npm http fetch GET 200 https://registry.npmjs.org/make-dir 133ms (cache revalidated)
npm http fetch GET 200 https://registry.npmjs.org/decompress-targz 150ms (cache revalidated)
npm http fetch GET 200 https://registry.npmjs.org/strip-dirs 132ms (cache revalidated)
npm http fetch GET 200 https://registry.npmjs.org/pify 141ms (cache revalidated)
npm http fetch GET 200 https://registry.npmjs.org/graceful-fs 139ms (cache revalidated)
npm http fetch GET 200 https://registry.npmjs.org/jsonfile 69ms (cache revalidated)
npm http fetch GET 200 https://registry.npmjs.org/decompress-unzip 167ms (cache revalidated)
npm http fetch GET 200 https://registry.npmjs.org/universalify 80ms (cache revalidated)
npm http fetch GET 200 https://registry.npmjs.org/ini 83ms (cache revalidated)
npm http fetch GET 200 https://registry.npmjs.org/inherits 93ms (cache revalidated)
npm http fetch GET 200 https://registry.npmjs.org/inflight 117ms (cache revalidated)
npm http fetch GET 200 https://registry.npmjs.org/once 126ms (cache revalidated)
npm http fetch GET 200 https://registry.npmjs.org/fs.realpath 113ms (cache revalidated)
npm http fetch GET 200 https://registry.npmjs.org/browser-stdout 98ms (cache revalidated)
npm http fetch GET 200 https://registry.npmjs.org/path-is-absolute 107ms (cache revalidated)
npm http fetch GET 200 https://registry.npmjs.org/ansi-colors 104ms (cache revalidated)
npm http fetch GET 200 https://registry.npmjs.org/minimatch 130ms (cache revalidated)
npm http fetch GET 200 https://registry.npmjs.org/chokidar 103ms (cache revalidated)
npm http fetch GET 200 https://registry.npmjs.org/diff 86ms (cache revalidated)
npm http fetch GET 200 https://registry.npmjs.org/minimatch 48ms (cache hit)
npm http fetch GET 200 https://registry.npmjs.org/ms 87ms (cache revalidated)
npm http fetch GET 200 https://registry.npmjs.org/find-up 102ms (cache revalidated)
npm http fetch GET 200 https://registry.npmjs.org/serialize-javascript 90ms (cache revalidated)
npm http fetch GET 200 https://registry.npmjs.org/workerpool 79ms (cache revalidated)
npm http fetch GET 200 https://registry.npmjs.org/he 105ms (cache revalidated)
npm http fetch GET 200 https://registry.npmjs.org/escape-string-regexp 133ms (cache revalidated)
npm http fetch GET 200 https://registry.npmjs.org/js-yaml 107ms (cache revalidated)
npm http fetch GET 200 https://registry.npmjs.org/strip-json-comments 97ms (cache revalidated)
npm http fetch GET 200 https://registry.npmjs.org/yargs-unparser 67ms (cache revalidated)
npm http fetch GET 200 https://registry.npmjs.org/yargs-parser 86ms (cache revalidated)
npm http fetch GET 200 https://registry.npmjs.org/event-pubsub 89ms (cache revalidated)
npm http fetch GET 200 https://registry.npmjs.org/aws-sign2 100ms (cache revalidated)
npm http fetch GET 200 https://registry.npmjs.org/js-queue 107ms (cache revalidated)
npm http fetch GET 200 https://registry.npmjs.org/extend 94ms (cache revalidated)
npm http fetch GET 200 https://registry.npmjs.org/aws4 107ms (cache revalidated)
npm http fetch GET 200 https://registry.npmjs.org/caseless 109ms (cache revalidated)
npm http fetch GET 200 https://registry.npmjs.org/forever-agent 94ms (cache revalidated)
npm http fetch GET 200 https://registry.npmjs.org/combined-stream 110ms (cache revalidated)
npm http fetch GET 200 https://registry.npmjs.org/js-message 139ms (cache revalidated)
npm http fetch GET 200 https://registry.npmjs.org/form-data 108ms (cache revalidated)
npm http fetch GET 200 https://registry.npmjs.org/har-validator 101ms (cache revalidated)
npm http fetch GET 200 https://registry.npmjs.org/http-signature 101ms (cache revalidated)
npm http fetch GET 200 https://registry.npmjs.org/oauth-sign 89ms (cache revalidated)
npm http fetch GET 200 https://registry.npmjs.org/json-stringify-safe 100ms (cache revalidated)
npm http fetch GET 200 https://registry.npmjs.org/mime-types 100ms (cache revalidated)
npm http fetch GET 200 https://registry.npmjs.org/@types%2fnode 488ms (cache updated)
npm http fetch GET 200 https://registry.npmjs.org/performance-now 235ms (cache revalidated)
npm http fetch GET 200 https://registry.npmjs.org/is-typedarray 254ms (cache revalidated)
npm http fetch GET 200 https://registry.npmjs.org/safe-buffer 221ms (cache revalidated)
npm http fetch GET 200 https://registry.npmjs.org/isstream 257ms (cache revalidated)
npm http fetch GET 200 https://registry.npmjs.org/qs 232ms (cache revalidated)
npm http fetch GET 200 https://registry.npmjs.org/tough-cookie 222ms (cache revalidated)
npm http fetch GET 200 https://registry.npmjs.org/tunnel-agent 228ms (cache revalidated)
npm http fetch GET 200 https://registry.npmjs.org/slice-ansi 222ms (cache revalidated)
npm http fetch GET 200 https://registry.npmjs.org/pupa 221ms (cache revalidated)
npm http fetch GET 200 https://registry.npmjs.org/ajv 233ms (cache revalidated)
npm http fetch GET 200 https://registry.npmjs.org/boxen 119ms (cache revalidated)
npm http fetch GET 200 https://registry.npmjs.org/is-npm 116ms (cache revalidated)
npm http fetch GET 200 https://registry.npmjs.org/configstore 113ms (cache revalidated)
npm http fetch GET 200 https://registry.npmjs.org/import-lazy 113ms (cache revalidated)
npm http fetch GET 200 https://registry.npmjs.org/semver-diff 107ms (cache revalidated)
npm http fetch GET 200 https://registry.npmjs.org/xdg-basedir 99ms (cache revalidated)
npm http fetch GET 200 https://registry.npmjs.org/colors 84ms (cache revalidated)
npm http fetch GET 200 https://registry.npmjs.org/eyes 107ms (cache revalidated)
npm http fetch GET 200 https://registry.npmjs.org/cycle 113ms (cache revalidated)
npm http fetch GET 200 https://registry.npmjs.org/stack-trace 84ms (cache revalidated)
npm http fetch GET 200 https://registry.npmjs.org/latest-version 125ms (cache revalidated)
npm http fetch GET 200 https://registry.npmjs.org/decamelize 79ms (cache revalidated)
npm http fetch GET 200 https://registry.npmjs.org/cliui 86ms (cache revalidated)
npm http fetch GET 200 https://registry.npmjs.org/y18n 99ms (cache revalidated)
npm http fetch GET 200 https://registry.npmjs.org/set-blocking 100ms (cache revalidated)
npm http fetch GET 200 https://registry.npmjs.org/which-module 94ms (cache revalidated)
npm http fetch GET 200 https://registry.npmjs.org/get-caller-file 63ms (cache revalidated)
npm http fetch GET 200 https://registry.npmjs.org/require-main-filename 60ms (cache revalidated)
npm http fetch GET 200 https://registry.npmjs.org/require-directory 71ms (cache revalidated)
npm http fetch GET 200 https://registry.npmjs.org/is-in-ci 537ms (cache updated)
npm http fetch GET 200 https://registry.npmjs.org/lazystream 92ms (cache revalidated)
npm http fetch GET 200 https://registry.npmjs.org/util-deprecate 92ms (cache revalidated)
npm http fetch GET 200 https://registry.npmjs.org/string_decoder 100ms (cache revalidated)
npm http fetch GET 200 https://registry.npmjs.org/lodash.difference 102ms (cache revalidated)
npm http fetch GET 200 https://registry.npmjs.org/end-of-stream 96ms (cache revalidated)
npm http fetch GET 200 https://registry.npmjs.org/lodash.union 107ms (cache revalidated)
npm http fetch GET 200 https://registry.npmjs.org/normalize-path 111ms (cache revalidated)
npm http fetch GET 200 https://registry.npmjs.org/lodash.defaults 113ms (cache revalidated)
npm http fetch GET 200 https://registry.npmjs.org/lodash.isplainobject 113ms (cache revalidated)
npm http fetch GET 200 https://registry.npmjs.org/bl 108ms (cache revalidated)
npm http fetch GET 200 https://registry.npmjs.org/lodash.flatten 120ms (cache revalidated)
npm http fetch GET 200 https://registry.npmjs.org/compress-commons 73ms (cache revalidated)
npm http fetch GET 200 https://registry.npmjs.org/fs-constants 85ms (cache revalidated)
npm http fetch GET 200 https://registry.npmjs.org/process-nextick-args 69ms (cache revalidated)
npm http fetch GET 200 https://registry.npmjs.org/core-util-is 73ms (cache revalidated)
npm http fetch GET 200 https://registry.npmjs.org/isarray 74ms (cache revalidated)
npm http fetch GET 200 https://registry.npmjs.org/event-stream 60ms (cache revalidated)
npm http fetch GET 200 https://registry.npmjs.org/rimraf 64ms (cache revalidated)
npm http fetch GET 200 https://registry.npmjs.org/has-flag 58ms (cache revalidated)
npm http fetch GET 200 https://registry.npmjs.org/color-convert 60ms (cache revalidated)
npm http fetch GET 200 https://registry.npmjs.org/color-name 61ms (cache revalidated)
npm http fetch GET 200 https://registry.npmjs.org/emoji-regex 52ms (cache revalidated)
npm http fetch GET 200 https://registry.npmjs.org/is-fullwidth-code-point 53ms (cache revalidated)
npm http fetch GET 200 https://registry.npmjs.org/strip-ansi 57ms (cache revalidated)
npm http fetch GET 200 https://registry.npmjs.org/base64-js 94ms (cache revalidated)
npm http fetch GET 200 https://registry.npmjs.org/is-stream 91ms (cache revalidated)
npm http fetch GET 200 https://registry.npmjs.org/onetime 108ms (cache revalidated)
npm http fetch GET 200 https://registry.npmjs.org/ieee754 123ms (cache revalidated)
npm http fetch GET 200 https://registry.npmjs.org/cross-spawn 114ms (cache revalidated)
npm http fetch GET 200 https://registry.npmjs.org/merge-stream 117ms (cache revalidated)
npm http fetch GET 200 https://registry.npmjs.org/signal-exit 124ms (cache revalidated)
npm http fetch GET 200 https://registry.npmjs.org/lodash.once 148ms (cache revalidated)
npm http fetch GET 200 https://registry.npmjs.org/get-stream 137ms (cache revalidated)
npm http fetch GET 200 https://registry.npmjs.org/restore-cursor 169ms (cache updated)
npm http fetch GET 200 https://registry.npmjs.org/@colors%2fcolors 171ms (cache revalidated)
npm http fetch GET 200 https://registry.npmjs.org/get-stream 84ms (cache hit)
npm http fetch GET 200 https://registry.npmjs.org/npm-run-path 131ms (cache revalidated)
npm http fetch GET 200 https://registry.npmjs.org/human-signals 139ms (cache revalidated)
npm http fetch GET 200 https://registry.npmjs.org/strip-final-newline 126ms (cache revalidated)
npm http fetch GET 200 https://registry.npmjs.org/ci-info 124ms (cache revalidated)
npm http fetch GET 200 https://registry.npmjs.org/is-path-inside 128ms (cache revalidated)
npm http fetch GET 200 https://registry.npmjs.org/@types%2fyauzl 153ms (cache revalidated)
npm http fetch GET 200 https://registry.npmjs.org/global-dirs 142ms (cache revalidated)
npm http fetch GET 200 https://registry.npmjs.org/at-least-node 159ms (cache revalidated)
npm http fetch GET 200 https://registry.npmjs.org/rfdc 146ms (cache revalidated)
npm http fetch GET 200 https://registry.npmjs.org/p-map 113ms (cache revalidated)
npm http fetch GET 200 https://registry.npmjs.org/rxjs 154ms (cache revalidated)
npm http fetch GET 200 https://registry.npmjs.org/colorette 153ms (cache revalidated)
npm http fetch GET 200 https://registry.npmjs.org/wrap-ansi 155ms (cache revalidated)
npm http fetch GET 200 https://registry.npmjs.org/through 177ms (cache revalidated)
npm http fetch GET 200 https://registry.npmjs.org/log-update 151ms (cache updated)
npm http fetch GET 200 https://registry.npmjs.org/cli-truncate 152ms (cache revalidated)
npm http fetch GET 200 https://registry.npmjs.org/fd-slicer 143ms (cache revalidated)
npm http fetch GET 200 https://registry.npmjs.org/throttleit 151ms (cache revalidated)
npm http fetch GET 200 https://registry.npmjs.org/is-unicode-supported 163ms (cache revalidated)
npm http fetch GET 200 https://registry.npmjs.org/asynckit 89ms (cache revalidated)
npm http fetch GET 200 https://registry.npmjs.org/jsprim 96ms (cache revalidated)
npm http fetch GET 200 https://registry.npmjs.org/sshpk 99ms (cache revalidated)
npm http fetch GET 200 https://registry.npmjs.org/psl 112ms (cache revalidated)
npm http fetch GET 200 https://registry.npmjs.org/delayed-stream 121ms (cache revalidated)
npm http fetch GET 200 https://registry.npmjs.org/url-parse 116ms (cache revalidated)
npm http fetch GET 200 https://registry.npmjs.org/assert-plus 124ms (cache revalidated)
npm http fetch GET 200 https://registry.npmjs.org/punycode 127ms (cache revalidated)
npm http fetch GET 200 https://registry.npmjs.org/side-channel 131ms (cache revalidated)
npm http fetch GET 200 https://registry.npmjs.org/mime-db 135ms (cache revalidated)
npm http fetch GET 200 https://registry.npmjs.org/file-type 91ms (cache revalidated)
npm http fetch GET 200 https://registry.npmjs.org/file-type 107ms (cache revalidated)
npm http fetch GET 200 https://registry.npmjs.org/seek-bzip 119ms (cache revalidated)
npm http fetch GET 200 https://registry.npmjs.org/file-type 123ms (cache revalidated)
npm http fetch GET 200 https://registry.npmjs.org/unbzip2-stream 138ms (cache revalidated)
npm http fetch GET 200 https://registry.npmjs.org/is-natural-number 140ms (cache revalidated)
npm http fetch GET 200 https://registry.npmjs.org/buffer-alloc 71ms (cache revalidated)
npm http fetch GET 200 https://registry.npmjs.org/to-buffer 71ms (cache revalidated)
npm http fetch GET 200 https://registry.npmjs.org/xtend 75ms (cache revalidated)
npm http fetch GET 200 https://registry.npmjs.org/object-assign 78ms (cache revalidated)
npm http fetch GET 200 https://registry.npmjs.org/pinkie-promise 81ms (cache revalidated)
npm http fetch GET 200 https://registry.npmjs.org/ansi-regex 54ms (cache revalidated)
npm http fetch GET 200 https://registry.npmjs.org/which 67ms (cache revalidated)
npm http fetch GET 200 https://registry.npmjs.org/mimic-fn 72ms (cache revalidated)
npm http fetch GET 200 https://registry.npmjs.org/path-key 78ms (cache revalidated)
npm http fetch GET 200 https://registry.npmjs.org/path-key 82ms (cache revalidated)
npm http fetch GET 200 https://registry.npmjs.org/pump 83ms (cache revalidated)
npm http fetch GET 200 https://registry.npmjs.org/shebang-command 88ms (cache revalidated)
npm http fetch GET 200 https://registry.npmjs.org/shebang-regex 66ms (cache revalidated)
npm http fetch GET 200 https://registry.npmjs.org/isexe 67ms (cache revalidated)
npm http fetch GET 200 https://registry.npmjs.org/undici-types 73ms (cache updated)
npm http fetch GET 200 https://registry.npmjs.org/pinkie 61ms (cache revalidated)
npm http fetch GET 200 https://registry.npmjs.org/brace-expansion 55ms (cache revalidated)
npm http fetch GET 200 https://registry.npmjs.org/wrappy 66ms (cache revalidated)
npm http fetch GET 200 https://registry.npmjs.org/verror 83ms (cache revalidated)
npm http fetch GET 200 https://registry.npmjs.org/asn1 84ms (cache revalidated)
npm http fetch GET 200 https://registry.npmjs.org/json-schema 92ms (cache revalidated)
npm http fetch GET 200 https://registry.npmjs.org/safer-buffer 92ms (cache revalidated)
npm http fetch GET 200 https://registry.npmjs.org/extsprintf 97ms (cache revalidated)
npm http fetch GET 200 https://registry.npmjs.org/dashdash 97ms (cache revalidated)
npm http fetch GET 200 https://registry.npmjs.org/ecc-jsbn 108ms (cache revalidated)
npm http fetch GET 200 https://registry.npmjs.org/getpass 112ms (cache revalidated)
npm http fetch GET 200 https://registry.npmjs.org/jsbn 114ms (cache revalidated)
npm http fetch GET 200 https://registry.npmjs.org/bcrypt-pbkdf 114ms (cache revalidated)
npm http fetch GET 200 https://registry.npmjs.org/tweetnacl 123ms (cache revalidated)
npm http fetch GET 200 https://registry.npmjs.org/aggregate-error 77ms (cache revalidated)
npm http fetch GET 200 https://registry.npmjs.org/tslib 78ms (cache revalidated)
npm http fetch GET 200 https://registry.npmjs.org/ansi-escapes 84ms (cache revalidated)
npm http fetch GET 200 https://registry.npmjs.org/astral-regex 92ms (cache revalidated)
npm http fetch GET 200 https://registry.npmjs.org/type-fest 110ms (cache revalidated)
npm http fetch GET 200 https://registry.npmjs.org/balanced-match 57ms (cache revalidated)
npm http fetch GET 200 https://registry.npmjs.org/concat-map 72ms (cache revalidated)
npm http fetch GET 200 https://registry.npmjs.org/braces 148ms (cache revalidated)
npm http fetch GET 200 https://registry.npmjs.org/is-binary-path 154ms (cache revalidated)
npm http fetch GET 200 https://registry.npmjs.org/glob-parent 166ms (cache revalidated)
npm http fetch GET 200 https://registry.npmjs.org/is-glob 169ms (cache revalidated)
npm http fetch GET 200 https://registry.npmjs.org/path-exists 173ms (cache revalidated)
npm http fetch GET 200 https://registry.npmjs.org/readdirp 181ms (cache revalidated)
npm http fetch GET 200 https://registry.npmjs.org/locate-path 193ms (cache revalidated)
npm http fetch GET 200 https://registry.npmjs.org/anymatch 199ms (cache revalidated)
npm http fetch GET 200 https://registry.npmjs.org/argparse 196ms (cache revalidated)
npm http fetch GET 200 https://registry.npmjs.org/fsevents 200ms (cache revalidated)
npm http fetch GET 200 https://registry.npmjs.org/randombytes 195ms (cache revalidated)
npm http fetch GET 200 https://registry.npmjs.org/escalade 118ms (cache revalidated)
npm http fetch GET 200 https://registry.npmjs.org/is-plain-obj 102ms (cache revalidated)
npm http fetch GET 200 https://registry.npmjs.org/flat 107ms (cache revalidated)
npm http fetch GET 200 https://registry.npmjs.org/camelcase 125ms (cache revalidated)
npm http fetch GET 200 https://registry.npmjs.org/picomatch 68ms (cache revalidated)
npm http fetch GET 200 https://registry.npmjs.org/picomatch 86ms (cache revalidated)
npm http fetch GET 200 https://registry.npmjs.org/is-extglob 90ms (cache revalidated)
npm http fetch GET 200 https://registry.npmjs.org/fill-range 97ms (cache revalidated)
npm http fetch GET 200 https://registry.npmjs.org/binary-extensions 100ms (cache revalidated)
npm http fetch GET 200 https://registry.npmjs.org/to-regex-range 62ms (cache revalidated)
npm http fetch GET 200 https://registry.npmjs.org/is-number 106ms (cache revalidated)
npm http fetch GET 200 https://registry.npmjs.org/p-locate 56ms (cache revalidated)
npm http fetch GET 200 https://registry.npmjs.org/p-limit 64ms (cache revalidated)
npm http fetch GET 200 https://registry.npmjs.org/easy-stack 88ms (cache revalidated)
npm http fetch GET 200 https://registry.npmjs.org/yocto-queue 53ms (cache revalidated)
npm http fetch GET 200 https://registry.npmjs.org/clean-stack 68ms (cache revalidated)
npm http fetch GET 200 https://registry.npmjs.org/indent-string 84ms (cache revalidated)
npm http fetch GET 200 https://registry.npmjs.org/split 73ms (cache revalidated)
npm http fetch GET 200 https://registry.npmjs.org/map-stream 86ms (cache revalidated)
npm http fetch GET 200 https://registry.npmjs.org/duplexer 92ms (cache revalidated)
npm http fetch GET 200 https://registry.npmjs.org/stream-combiner 94ms (cache revalidated)
npm http fetch GET 200 https://registry.npmjs.org/pause-stream 100ms (cache revalidated)
npm http fetch GET 200 https://registry.npmjs.org/from 251ms (cache revalidated)
npm http fetch GET 200 https://registry.npmjs.org/get-intrinsic 132ms (cache revalidated)
npm http fetch GET 200 https://registry.npmjs.org/es-errors 156ms (cache revalidated)
npm http fetch GET 200 https://registry.npmjs.org/object-inspect 156ms (cache revalidated)
npm http fetch GET 200 https://registry.npmjs.org/call-bind 167ms (cache revalidated)
npm http fetch GET 200 https://registry.npmjs.org/har-schema 141ms (cache revalidated)
npm http fetch GET 200 https://registry.npmjs.org/fast-json-stable-stringify 72ms (cache revalidated)
npm http fetch GET 200 https://registry.npmjs.org/json-schema-traverse 80ms (cache revalidated)
npm http fetch GET 200 https://registry.npmjs.org/uri-js 87ms (cache revalidated)
npm http fetch GET 200 https://registry.npmjs.org/fast-deep-equal 87ms (cache revalidated)
npm http fetch GET 200 https://registry.npmjs.org/set-function-length 67ms (cache revalidated)
npm http fetch GET 200 https://registry.npmjs.org/has-symbols 80ms (cache revalidated)
npm http fetch GET 200 https://registry.npmjs.org/hasown 83ms (cache revalidated)
npm http fetch GET 200 https://registry.npmjs.org/function-bind 92ms (cache revalidated)
npm http fetch GET 200 https://registry.npmjs.org/es-define-property 96ms (cache revalidated)
npm http fetch GET 200 https://registry.npmjs.org/has-proto 97ms (cache revalidated)
npm http fetch GET 200 https://registry.npmjs.org/gopd 58ms (cache revalidated)
npm http fetch GET 200 https://registry.npmjs.org/has-property-descriptors 61ms (cache revalidated)
npm http fetch GET 200 https://registry.npmjs.org/define-data-property 70ms (cache revalidated)
npm http fetch GET 200 https://registry.npmjs.org/requires-port 62ms (cache revalidated)
npm http fetch GET 200 https://registry.npmjs.org/querystringify 69ms (cache revalidated)
npm http fetch GET 200 https://registry.npmjs.org/cli-boxes 105ms (cache revalidated)
npm http fetch GET 200 https://registry.npmjs.org/ansi-align 106ms (cache revalidated)
npm http fetch GET 200 https://registry.npmjs.org/unique-string 127ms (cache revalidated)
npm http fetch GET 200 https://registry.npmjs.org/escape-goat 115ms (cache revalidated)
npm http fetch GET 200 https://registry.npmjs.org/package-json 128ms (cache revalidated)
npm http fetch GET 200 https://registry.npmjs.org/write-file-atomic 136ms (cache revalidated)
npm http fetch GET 200 https://registry.npmjs.org/widest-line 154ms (cache revalidated)
npm http fetch GET 200 https://registry.npmjs.org/dot-prop 160ms (cache revalidated)
npm http fetch GET 200 https://registry.npmjs.org/eastasianwidth 60ms (cache revalidated)
npm http fetch GET 200 https://registry.npmjs.org/crypto-random-string 67ms (cache revalidated)
npm http fetch GET 200 https://registry.npmjs.org/is-obj 71ms (cache revalidated)
npm http fetch GET 200 https://registry.npmjs.org/imurmurhash 71ms (cache revalidated)
npm http fetch GET 200 https://registry.npmjs.org/typedarray-to-buffer 72ms (cache revalidated)
npm http fetch GET 200 https://registry.npmjs.org/registry-auth-token 62ms (cache revalidated)
npm http fetch GET 200 https://registry.npmjs.org/registry-url 68ms (cache revalidated)
npm http fetch GET 200 https://registry.npmjs.org/got 75ms (cache revalidated)
npm http fetch GET 200 https://registry.npmjs.org/cacheable-lookup 85ms (cache revalidated)
npm http fetch GET 200 https://registry.npmjs.org/cacheable-request 118ms (cache revalidated)
npm http fetch GET 200 https://registry.npmjs.org/p-cancelable 133ms (cache revalidated)
npm http fetch GET 200 https://registry.npmjs.org/form-data-encoder 163ms (cache revalidated)
npm http fetch GET 200 https://registry.npmjs.org/lowercase-keys 178ms (cache revalidated)
npm http fetch GET 200 https://registry.npmjs.org/responselike 182ms (cache revalidated)
npm http fetch GET 200 https://registry.npmjs.org/http2-wrapper 183ms (cache revalidated)
npm http fetch GET 200 https://registry.npmjs.org/@sindresorhus%2fis 191ms (cache revalidated)
npm http fetch GET 200 https://registry.npmjs.org/decompress-response 194ms (cache revalidated)
npm http fetch GET 200 https://registry.npmjs.org/@pnpm%2fnpm-conf 196ms (cache revalidated)
npm http fetch GET 200 https://registry.npmjs.org/@szmarczak%2fhttp-timer 204ms (cache revalidated)
npm http fetch GET 200 https://registry.npmjs.org/rc 152ms (cache revalidated)
npm http fetch GET 200 https://registry.npmjs.org/defer-to-connect 85ms (cache revalidated)
npm http fetch GET 200 https://registry.npmjs.org/http-cache-semantics 87ms (cache revalidated)
npm http fetch GET 200 https://registry.npmjs.org/keyv 90ms (cache revalidated)
npm http fetch GET 200 https://registry.npmjs.org/quick-lru 101ms (cache revalidated)
npm http fetch GET 200 https://registry.npmjs.org/mimic-response 106ms (cache revalidated)
npm http fetch GET 200 https://registry.npmjs.org/@types%2fhttp-cache-semantics 111ms (cache revalidated)
npm http fetch GET 200 https://registry.npmjs.org/mimic-response 113ms (cache revalidated)
npm http fetch GET 200 https://registry.npmjs.org/normalize-url 139ms (cache revalidated)
npm http fetch GET 200 https://registry.npmjs.org/resolve-alpn 144ms (cache revalidated)
npm http fetch GET 200 https://registry.npmjs.org/json-buffer 69ms (cache revalidated)
npm http fetch GET 200 https://registry.npmjs.org/config-chain 66ms (cache revalidated)
npm http fetch GET 200 https://registry.npmjs.org/@pnpm%2fconfig.env-replace 84ms (cache revalidated)
npm http fetch GET 200 https://registry.npmjs.org/@pnpm%2fnetwork.ca-file 99ms (cache revalidated)
npm http fetch GET 200 https://registry.npmjs.org/proto-list 56ms (cache revalidated)
npm http fetch GET 200 https://registry.npmjs.org/deep-extend 62ms (cache revalidated)
npm http fetch GET 200 https://registry.npmjs.org/pend 52ms (cache revalidated)
npm http fetch GET 200 https://registry.npmjs.org/crc32-stream 60ms (cache revalidated)
npm http fetch GET 200 https://registry.npmjs.org/crc-32 60ms (cache revalidated)
npm http fetch GET 200 https://registry.npmjs.org/buffer-alloc-unsafe 143ms (cache revalidated)
npm http fetch GET 200 https://registry.npmjs.org/buffer-fill 227ms (cache revalidated)
npm http fetch GET 200 https://registry.npmjs.org/p-try 71ms (cache revalidated)
npm verbose reify failed optional dependency C:\Users\LewisBrennan\NonClient_MainDirectory\General\EOY-Projects\BrowserStackCypress\tmpBstackPackages\node_modules\fsevents
npm http fetch POST 200 https://registry.npmjs.org/-/npm/v1/security/advisories/bulk 655ms
npm warn deprecated inflight@1.0.6: This module is not supported, and leaks memory. Do not use it. Check out lru-cache if you want a good and tested way to coalesce async requests by a key value, which is much more comprehensive and powerful.
npm warn deprecated rimraf@2.5.4: Rimraf versions prior to v4 are no longer supported
npm warn deprecated har-validator@5.1.5: this library is no longer supported
npm warn deprecated glob@7.2.3: Glob versions prior to v9 are no longer supported
npm warn deprecated glob@8.1.0: Glob versions prior to v9 are no longer supported
npm http fetch GET 200 https://registry.npmjs.org/debug/-/debug-4.3.6.tgz 8186ms (cache miss)
npm warn deprecated uuid@3.4.0: Please upgrade  to version 7 or higher.  Older versions may use Math.random() in certain circumstances, which is known to be problematic.  See https://v8.dev/blog/math-random for details.
npm warn deprecated request@2.88.2: request has been deprecated, see https://github.com/request/request/issues/3142
npm http fetch GET 200 https://registry.npmjs.org/undici-types/-/undici-types-6.11.1.tgz 11126ms (cache miss)
npm http fetch GET 200 https://registry.npmjs.org/@types/node/-/node-22.0.0.tgz 12348ms (cache miss)
npm info run cypress@13.13.1 postinstall node_modules/cypress node index.js --exec install
npm info run cypress@13.13.1 postinstall { code: 0, signal: null }

added 460 packages, and audited 461 packages in 35s

94 packages are looking for funding
  run `npm fund` for details

3 moderate severity vulnerabilities

To address all issues (including breaking changes), run:
  npm audit fix --force

Run `npm audit` for details.
npm verbose exit 0
npm info ok
