npm verbose cli C:\Program Files\nodejs\node.exe C:\Program Files\nodejs\node_modules\npm\bin\npm-cli.js
npm info using npm@10.7.0
npm info using node@v22.2.0
npm verbose title npm install
npm verbose argv "install" "--legacy-peer-deps" "--loglevel" "verbose"
npm verbose logfile logs-max:10 dir:C:\Users\LewisBrennan\AppData\Local\npm-cache\_logs\2024-07-24T15_09_26_028Z-
npm verbose logfile C:\Users\LewisBrennan\AppData\Local\npm-cache\_logs\2024-07-24T15_09_26_028Z-debug-0.log
npm http fetch GET 200 https://registry.npmjs.org/browserstack-cypress-cli 670ms (cache revalidated)
npm http fetch GET 200 https://registry.npmjs.org/cypress 80ms (cache updated)
npm http fetch GET 200 https://registry.npmjs.org/archiver 88ms (cache revalidated)
npm http fetch GET 200 https://registry.npmjs.org/fs-extra 146ms (cache revalidated)
npm http fetch GET 200 https://registry.npmjs.org/cli-progress 152ms (cache revalidated)
npm http fetch GET 200 https://registry.npmjs.org/git-repo-info 160ms (cache revalidated)
npm http fetch GET 200 https://registry.npmjs.org/mocha 80ms (cache revalidated)
npm http fetch GET 200 https://registry.npmjs.org/chalk 187ms (cache revalidated)
npm http fetch GET 200 https://registry.npmjs.org/async 196ms (cache revalidated)
npm http fetch GET 200 https://registry.npmjs.org/glob 199ms (cache revalidated)
npm http fetch GET 200 https://registry.npmjs.org/gitconfiglocal 205ms (cache revalidated)
npm http fetch GET 200 https://registry.npmjs.org/mkdirp 110ms (cache revalidated)
npm http fetch GET 200 https://registry.npmjs.org/request 100ms (cache revalidated)
npm http fetch GET 200 https://registry.npmjs.org/windows-release 60ms (cache revalidated)
npm http fetch GET 200 https://registry.npmjs.org/update-notifier 71ms (cache revalidated)
npm http fetch GET 200 https://registry.npmjs.org/uuid 70ms (cache revalidated)
npm http fetch GET 200 https://registry.npmjs.org/table 84ms (cache revalidated)
npm http fetch GET 200 https://registry.npmjs.org/winston 80ms (cache revalidated)
npm http fetch GET 200 https://registry.npmjs.org/yargs 82ms (cache revalidated)
npm http fetch GET 200 https://registry.npmjs.org/decompress 90ms (cache revalidated)
npm http fetch GET 200 https://registry.npmjs.org/tmp 99ms (cache revalidated)
npm http fetch GET 200 https://registry.npmjs.org/arch 96ms (cache revalidated)
npm http fetch GET 200 https://registry.npmjs.org/dayjs 107ms (cache updated)
npm http fetch GET 200 https://registry.npmjs.org/debug 75ms (cache revalidated)
npm http fetch GET 200 https://registry.npmjs.org/yauzl 53ms (cache revalidated)
npm http fetch GET 200 https://registry.npmjs.org/execa 74ms (cache revalidated)
npm http fetch GET 200 https://registry.npmjs.org/is-ci 62ms (cache revalidated)
npm http fetch GET 200 https://registry.npmjs.org/getos 74ms (cache revalidated)
npm http fetch GET 200 https://registry.npmjs.org/requestretry 260ms (cache revalidated)
npm http fetch GET 200 https://registry.npmjs.org/buffer 61ms (cache revalidated)
npm http fetch GET 200 https://registry.npmjs.org/lodash 46ms (cache revalidated)
npm http fetch GET 200 https://registry.npmjs.org/listr2 58ms (cache revalidated)
npm http fetch GET 200 https://registry.npmjs.org/figures 61ms (cache revalidated)
npm http fetch GET 200 https://registry.npmjs.org/process 53ms (cache revalidated)
npm http fetch GET 200 https://registry.npmjs.org/semver 75ms (cache revalidated)
npm http fetch GET 200 https://registry.npmjs.org/ospath 86ms (cache revalidated)
npm http fetch GET 200 https://registry.npmjs.org/bluebird 61ms (cache revalidated)
npm http fetch GET 200 https://registry.npmjs.org/enquirer 62ms (cache revalidated)
npm http fetch GET 200 https://registry.npmjs.org/minimist 57ms (cache revalidated)
npm http fetch GET 200 https://registry.npmjs.org/lazy-ass 64ms (cache revalidated)
npm http fetch GET 200 https://registry.npmjs.org/cachedir 90ms (cache revalidated)
npm http fetch GET 200 https://registry.npmjs.org/blob-util 57ms (cache revalidated)
npm http fetch GET 200 https://registry.npmjs.org/commander 59ms (cache revalidated)
npm http fetch GET 200 https://registry.npmjs.org/untildify 72ms (cache revalidated)
npm http fetch GET 200 https://registry.npmjs.org/cli-cursor 49ms (cache revalidated)
npm http fetch GET 200 https://registry.npmjs.org/browserstack-local 613ms (cache revalidated)
npm http fetch GET 200 https://registry.npmjs.org/cli-table3 54ms (cache revalidated)
npm http fetch GET 200 https://registry.npmjs.org/git-last-commit 627ms (cache revalidated)
npm http fetch GET 200 https://registry.npmjs.org/getmac 631ms (cache revalidated)
npm http fetch GET 200 https://registry.npmjs.org/common-tags 71ms (cache revalidated)
npm http fetch GET 200 https://registry.npmjs.org/extract-zip 79ms (cache revalidated)
npm http fetch GET 200 https://registry.npmjs.org/log-symbols 64ms (cache revalidated)
npm http fetch GET 200 https://registry.npmjs.org/pretty-bytes 56ms (cache revalidated)
npm http fetch GET 200 https://registry.npmjs.org/executable 87ms (cache revalidated)
npm http fetch GET 200 https://registry.npmjs.org/eventemitter2 50ms (cache revalidated)
npm http fetch GET 200 https://registry.npmjs.org/@types%2fsizzle 65ms (cache revalidated)
npm http fetch GET 200 https://registry.npmjs.org/@cypress%2fxvfb 84ms (cache revalidated)
npm http fetch GET 200 https://registry.npmjs.org/supports-color 57ms (cache revalidated)
npm http fetch GET 200 https://registry.npmjs.org/proxy-from-env 73ms (cache revalidated)
npm http fetch GET 200 https://registry.npmjs.org/check-more-types 60ms (cache revalidated)
npm http fetch GET 200 https://registry.npmjs.org/is-installed-globally 60ms (cache revalidated)
npm http fetch GET 200 https://registry.npmjs.org/request-progress 66ms (cache revalidated)
npm http fetch GET 200 https://registry.npmjs.org/@cypress%2frequest 78ms (cache revalidated)
npm http fetch GET 200 https://registry.npmjs.org/@types%2fsinonjs__fake-timers 70ms (cache revalidated)
npm http fetch GET 200 https://registry.npmjs.org/node-ipc 595ms (cache revalidated)
npm http fetch GET 200 https://registry.npmjs.org/tar-stream 55ms (cache revalidated)
npm http fetch GET 200 https://registry.npmjs.org/archiver-utils 58ms (cache revalidated)
npm http fetch GET 200 https://registry.npmjs.org/https-proxy-agent 60ms (cache revalidated)
npm http fetch GET 200 https://registry.npmjs.org/readdir-glob 62ms (cache revalidated)
npm http fetch GET 200 https://registry.npmjs.org/buffer-crc32 66ms (cache revalidated)
npm http fetch GET 200 https://registry.npmjs.org/agent-base 67ms (cache revalidated)
npm http fetch GET 200 https://registry.npmjs.org/ps-tree 70ms (cache revalidated)
npm http fetch GET 200 https://registry.npmjs.org/readable-stream 75ms (cache revalidated)
npm http fetch GET 200 https://registry.npmjs.org/is-running 92ms (cache revalidated)
npm http fetch GET 200 https://registry.npmjs.org/decompress-tar 56ms (cache revalidated)
npm http fetch GET 200 https://registry.npmjs.org/string-width 59ms (cache revalidated)
npm http fetch GET 200 https://registry.npmjs.org/ansi-styles 64ms (cache revalidated)
npm http fetch GET 200 https://registry.npmjs.org/decompress-targz 64ms (cache revalidated)
npm http fetch GET 200 https://registry.npmjs.org/decompress-tarbz2 76ms (cache revalidated)
npm http fetch GET 200 https://registry.npmjs.org/pify 48ms (cache revalidated)
npm http fetch GET 200 https://registry.npmjs.org/graceful-fs 71ms (cache revalidated)
npm http fetch GET 200 https://registry.npmjs.org/make-dir 69ms (cache revalidated)
npm http fetch GET 200 https://registry.npmjs.org/decompress-unzip 83ms (cache revalidated)
npm http fetch GET 200 https://registry.npmjs.org/graceful-fs 44ms (cache revalidated)
npm http fetch GET 200 https://registry.npmjs.org/jsonfile 46ms (cache revalidated)
npm http fetch GET 200 https://registry.npmjs.org/strip-dirs 55ms (cache revalidated)
npm http fetch GET 200 https://registry.npmjs.org/universalify 52ms (cache revalidated)
npm http fetch GET 200 https://registry.npmjs.org/once 49ms (cache revalidated)
npm http fetch GET 200 https://registry.npmjs.org/ini 55ms (cache revalidated)
npm http fetch GET 200 https://registry.npmjs.org/inflight 57ms (cache revalidated)
npm http fetch GET 200 https://registry.npmjs.org/inherits 53ms (cache revalidated)
npm http fetch GET 200 https://registry.npmjs.org/@types%2fnode 89ms (cache revalidated)
npm http fetch GET 200 https://registry.npmjs.org/minimatch 133ms (cache revalidated)
npm http fetch GET 200 https://registry.npmjs.org/fs.realpath 147ms (cache revalidated)
npm http fetch GET 200 https://registry.npmjs.org/ansi-colors 134ms (cache revalidated)
npm http fetch GET 200 https://registry.npmjs.org/path-is-absolute 150ms (cache revalidated)
npm http fetch GET 200 https://registry.npmjs.org/chokidar 126ms (cache revalidated)
npm http fetch GET 200 https://registry.npmjs.org/browser-stdout 133ms (cache revalidated)
npm http fetch GET 200 https://registry.npmjs.org/escape-string-regexp 165ms (cache revalidated)
npm http fetch GET 200 https://registry.npmjs.org/find-up 87ms (cache revalidated)
npm http fetch GET 200 https://registry.npmjs.org/he 81ms (cache revalidated)
npm http fetch GET 200 https://registry.npmjs.org/serialize-javascript 64ms (cache revalidated)
npm http fetch GET 200 https://registry.npmjs.org/diff 186ms (cache revalidated)
npm http fetch GET 200 https://registry.npmjs.org/strip-json-comments 68ms (cache revalidated)
npm http fetch GET 200 https://registry.npmjs.org/workerpool 68ms (cache revalidated)
npm http fetch GET 200 https://registry.npmjs.org/ms 76ms (cache revalidated)
npm http fetch GET 200 https://registry.npmjs.org/js-yaml 85ms (cache revalidated)
npm http fetch GET 200 https://registry.npmjs.org/yargs-parser 69ms (cache revalidated)
npm http fetch GET 200 https://registry.npmjs.org/yargs-unparser 72ms (cache revalidated)
npm http fetch GET 200 https://registry.npmjs.org/event-pubsub 72ms (cache revalidated)
npm http fetch GET 200 https://registry.npmjs.org/js-message 69ms (cache revalidated)
npm http fetch GET 200 https://registry.npmjs.org/combined-stream 53ms (cache revalidated)
npm http fetch GET 200 https://registry.npmjs.org/caseless 64ms (cache revalidated)
npm http fetch GET 200 https://registry.npmjs.org/aws4 68ms (cache revalidated)
npm http fetch GET 200 https://registry.npmjs.org/aws-sign2 71ms (cache revalidated)
npm http fetch GET 200 https://registry.npmjs.org/extend 63ms (cache revalidated)
npm http fetch GET 200 https://registry.npmjs.org/har-validator 54ms (cache revalidated)
npm http fetch GET 200 https://registry.npmjs.org/forever-agent 59ms (cache revalidated)
npm http fetch GET 200 https://registry.npmjs.org/http-signature 57ms (cache revalidated)
npm http fetch GET 200 https://registry.npmjs.org/isstream 60ms (cache revalidated)
npm http fetch GET 200 https://registry.npmjs.org/is-typedarray 61ms (cache revalidated)
npm http fetch GET 200 https://registry.npmjs.org/form-data 74ms (cache revalidated)
npm http fetch GET 200 https://registry.npmjs.org/json-stringify-safe 70ms (cache revalidated)
npm http fetch GET 200 https://registry.npmjs.org/temp-fs 544ms (cache revalidated)
npm http fetch GET 200 https://registry.npmjs.org/zip-stream 546ms (cache revalidated)
npm http fetch GET 200 https://registry.npmjs.org/mime-types 56ms (cache revalidated)
npm http fetch GET 200 https://registry.npmjs.org/oauth-sign 55ms (cache revalidated)
npm http fetch GET 200 https://registry.npmjs.org/performance-now 60ms (cache revalidated)
npm http fetch GET 200 https://registry.npmjs.org/safe-buffer 55ms (cache revalidated)
npm http fetch GET 200 https://registry.npmjs.org/tough-cookie 58ms (cache revalidated)
npm http fetch GET 200 https://registry.npmjs.org/tunnel-agent 57ms (cache revalidated)
npm http fetch GET 200 https://registry.npmjs.org/qs 75ms (cache revalidated)
npm http fetch GET 200 https://registry.npmjs.org/ajv 64ms (cache revalidated)
npm http fetch GET 200 https://registry.npmjs.org/slice-ansi 68ms (cache revalidated)
npm http fetch GET 200 https://registry.npmjs.org/boxen 53ms (cache revalidated)
npm http fetch GET 200 https://registry.npmjs.org/is-npm 57ms (cache revalidated)
npm http fetch GET 200 https://registry.npmjs.org/configstore 53ms (cache revalidated)
npm http fetch GET 200 https://registry.npmjs.org/import-lazy 55ms (cache revalidated)
npm http fetch GET 200 https://registry.npmjs.org/semver-diff 61ms (cache revalidated)
npm http fetch GET 200 https://registry.npmjs.org/xdg-basedir 59ms (cache revalidated)
npm http fetch GET 200 https://registry.npmjs.org/colors 49ms (cache revalidated)
npm http fetch GET 200 https://registry.npmjs.org/latest-version 75ms (cache revalidated)
npm http fetch GET 200 https://registry.npmjs.org/cliui 49ms (cache revalidated)
npm http fetch GET 200 https://registry.npmjs.org/y18n 63ms (cache revalidated)
npm http fetch GET 200 https://registry.npmjs.org/stack-trace 71ms (cache revalidated)
npm http fetch GET 200 https://registry.npmjs.org/decamelize 54ms (cache revalidated)
npm http fetch GET 200 https://registry.npmjs.org/which-module 42ms (cache revalidated)
npm http fetch GET 200 https://registry.npmjs.org/set-blocking 58ms (cache revalidated)
npm http fetch GET 200 https://registry.npmjs.org/get-caller-file 49ms (cache revalidated)
npm http fetch GET 200 https://registry.npmjs.org/require-main-filename 47ms (cache revalidated)
npm http fetch GET 200 https://registry.npmjs.org/pupa 216ms (cache revalidated)
npm http fetch GET 200 https://registry.npmjs.org/require-directory 81ms (cache revalidated)
npm http fetch GET 200 https://registry.npmjs.org/js-queue 559ms (cache revalidated)
npm http fetch GET 200 https://registry.npmjs.org/is-in-ci 534ms (cache revalidated)
npm http fetch GET 200 https://registry.npmjs.org/eyes 518ms (cache revalidated)
npm http fetch GET 200 https://registry.npmjs.org/cycle 515ms (cache revalidated)
npm http fetch GET 200 https://registry.npmjs.org/lodash.flatten 60ms (cache revalidated)
npm http fetch GET 200 https://registry.npmjs.org/normalize-path 60ms (cache revalidated)
npm http fetch GET 200 https://registry.npmjs.org/end-of-stream 62ms (cache revalidated)
npm http fetch GET 200 https://registry.npmjs.org/string_decoder 66ms (cache revalidated)
npm http fetch GET 200 https://registry.npmjs.org/bl 65ms (cache revalidated)
npm http fetch GET 200 https://registry.npmjs.org/util-deprecate 69ms (cache revalidated)
npm http fetch GET 200 https://registry.npmjs.org/lodash.isplainobject 72ms (cache revalidated)
npm http fetch GET 200 https://registry.npmjs.org/lazystream 74ms (cache revalidated)
npm http fetch GET 200 https://registry.npmjs.org/lodash.defaults 78ms (cache revalidated)
npm http fetch GET 200 https://registry.npmjs.org/compress-commons 54ms (cache revalidated)
npm http fetch GET 200 https://registry.npmjs.org/fs-constants 59ms (cache revalidated)
npm http fetch GET 200 https://registry.npmjs.org/lodash.union 512ms (cache revalidated)
npm http fetch GET 200 https://registry.npmjs.org/lodash.difference 528ms (cache revalidated)
npm http fetch GET 200 https://registry.npmjs.org/isarray 43ms (cache revalidated)
npm http fetch GET 200 https://registry.npmjs.org/core-util-is 46ms (cache revalidated)
npm http fetch GET 200 https://registry.npmjs.org/process-nextick-args 48ms (cache revalidated)
npm http fetch GET 200 https://registry.npmjs.org/rimraf 52ms (cache revalidated)
npm http fetch GET 200 https://registry.npmjs.org/event-stream 61ms (cache revalidated)
npm http fetch GET 200 https://registry.npmjs.org/has-flag 43ms (cache revalidated)
npm http fetch GET 200 https://registry.npmjs.org/color-convert 62ms (cache revalidated)
npm http fetch GET 200 https://registry.npmjs.org/color-name 63ms (cache revalidated)
npm http fetch GET 200 https://registry.npmjs.org/is-fullwidth-code-point 48ms (cache revalidated)
npm http fetch GET 200 https://registry.npmjs.org/emoji-regex 51ms (cache revalidated)
npm http fetch GET 200 https://registry.npmjs.org/strip-ansi 53ms (cache revalidated)
npm http fetch GET 200 https://registry.npmjs.org/base64-js 56ms (cache revalidated)
npm http fetch GET 200 https://registry.npmjs.org/lodash.once 60ms (cache revalidated)
npm http fetch GET 200 https://registry.npmjs.org/get-stream 59ms (cache revalidated)
npm http fetch GET 200 https://registry.npmjs.org/onetime 61ms (cache revalidated)
npm http fetch GET 200 https://registry.npmjs.org/merge-stream 64ms (cache revalidated)
npm http fetch GET 200 https://registry.npmjs.org/is-stream 66ms (cache revalidated)
npm http fetch GET 200 https://registry.npmjs.org/restore-cursor 68ms (cache revalidated)
npm http fetch GET 200 https://registry.npmjs.org/signal-exit 68ms (cache revalidated)
npm http fetch GET 200 https://registry.npmjs.org/ieee754 74ms (cache revalidated)
npm http fetch GET 200 https://registry.npmjs.org/cross-spawn 74ms (cache revalidated)
npm http fetch GET 200 https://registry.npmjs.org/@colors%2fcolors 86ms (cache revalidated)
npm http fetch GET 200 https://registry.npmjs.org/human-signals 51ms (cache revalidated)
npm http fetch GET 200 https://registry.npmjs.org/strip-final-newline 50ms (cache revalidated)
npm http fetch GET 200 https://registry.npmjs.org/global-dirs 47ms (cache revalidated)
npm http fetch GET 200 https://registry.npmjs.org/npm-run-path 64ms (cache revalidated)
npm http fetch GET 200 https://registry.npmjs.org/ci-info 55ms (cache revalidated)
npm http fetch GET 200 https://registry.npmjs.org/at-least-node 58ms (cache revalidated)
npm http fetch GET 200 https://registry.npmjs.org/p-map 46ms (cache revalidated)
npm http fetch GET 200 https://registry.npmjs.org/rxjs 59ms (cache revalidated)
npm http fetch GET 200 https://registry.npmjs.org/@types%2fyauzl 82ms (cache revalidated)
npm http fetch GET 200 https://registry.npmjs.org/is-path-inside 76ms (cache revalidated)
npm http fetch GET 200 https://registry.npmjs.org/through 50ms (cache revalidated)
npm http fetch GET 200 https://registry.npmjs.org/colorette 50ms (cache revalidated)
npm http fetch GET 200 https://registry.npmjs.org/wrap-ansi 47ms (cache revalidated)
npm http fetch GET 200 https://registry.npmjs.org/log-update 51ms (cache revalidated)
npm http fetch GET 200 https://registry.npmjs.org/cli-truncate 51ms (cache revalidated)
npm http fetch GET 200 https://registry.npmjs.org/is-unicode-supported 64ms (cache revalidated)
npm http fetch GET 200 https://registry.npmjs.org/fd-slicer 49ms (cache revalidated)
npm http fetch GET 200 https://registry.npmjs.org/throttleit 73ms (cache revalidated)
npm http fetch GET 200 https://registry.npmjs.org/rfdc 511ms (cache revalidated)
npm http fetch GET 200 https://registry.npmjs.org/mime-db 51ms (cache revalidated)
npm http fetch GET 200 https://registry.npmjs.org/jsprim 55ms (cache revalidated)
npm http fetch GET 200 https://registry.npmjs.org/delayed-stream 59ms (cache revalidated)
npm http fetch GET 200 https://registry.npmjs.org/assert-plus 66ms (cache revalidated)
npm http fetch GET 200 https://registry.npmjs.org/url-parse 66ms (cache revalidated)
npm http fetch GET 200 https://registry.npmjs.org/asynckit 68ms (cache revalidated)
npm http fetch GET 200 https://registry.npmjs.org/sshpk 69ms (cache revalidated)
npm http fetch GET 200 https://registry.npmjs.org/side-channel 71ms (cache revalidated)
npm http fetch GET 200 https://registry.npmjs.org/psl 72ms (cache revalidated)
npm http fetch GET 200 https://registry.npmjs.org/punycode 73ms (cache revalidated)
npm http fetch GET 200 https://registry.npmjs.org/file-type 82ms (cache revalidated)
npm http fetch GET 200 https://registry.npmjs.org/unbzip2-stream 92ms (cache revalidated)
npm http fetch GET 200 https://registry.npmjs.org/seek-bzip 96ms (cache revalidated)
npm http fetch GET 200 https://registry.npmjs.org/is-natural-number 98ms (cache revalidated)
npm http fetch GET 200 https://registry.npmjs.org/file-type 103ms (cache revalidated)
npm http fetch GET 200 https://registry.npmjs.org/file-type 106ms (cache revalidated)
npm http fetch GET 200 https://registry.npmjs.org/xtend 54ms (cache revalidated)
npm http fetch GET 200 https://registry.npmjs.org/buffer-alloc 64ms (cache revalidated)
npm http fetch GET 200 https://registry.npmjs.org/to-buffer 68ms (cache revalidated)
npm http fetch GET 200 https://registry.npmjs.org/object-assign 42ms (cache revalidated)
npm http fetch GET 200 https://registry.npmjs.org/pinkie-promise 47ms (cache revalidated)
npm http fetch GET 200 https://registry.npmjs.org/ansi-regex 50ms (cache revalidated)
npm http fetch GET 200 https://registry.npmjs.org/which 53ms (cache revalidated)
npm http fetch GET 200 https://registry.npmjs.org/shebang-command 54ms (cache revalidated)
npm http fetch GET 200 https://registry.npmjs.org/pump 65ms (cache revalidated)
npm http fetch GET 200 https://registry.npmjs.org/path-key 80ms (cache revalidated)
npm http fetch GET 200 https://registry.npmjs.org/mimic-fn 83ms (cache revalidated)
npm http fetch GET 200 https://registry.npmjs.org/path-key 87ms (cache revalidated)
npm http fetch GET 200 https://registry.npmjs.org/isexe 41ms (cache revalidated)
npm http fetch GET 200 https://registry.npmjs.org/shebang-regex 47ms (cache revalidated)
npm http fetch GET 200 https://registry.npmjs.org/undici-types 63ms (cache updated)
npm http fetch GET 200 https://registry.npmjs.org/pinkie 53ms (cache revalidated)
npm http fetch GET 200 https://registry.npmjs.org/wrappy 46ms (cache revalidated)
npm http fetch GET 200 https://registry.npmjs.org/brace-expansion 47ms (cache revalidated)
npm http fetch GET 200 https://registry.npmjs.org/asn1 55ms (cache revalidated)
npm http fetch GET 200 https://registry.npmjs.org/verror 56ms (cache revalidated)
npm http fetch GET 200 https://registry.npmjs.org/dashdash 61ms (cache revalidated)
npm http fetch GET 200 https://registry.npmjs.org/ecc-jsbn 61ms (cache revalidated)
npm http fetch GET 200 https://registry.npmjs.org/tweetnacl 62ms (cache revalidated)
npm http fetch GET 200 https://registry.npmjs.org/jsbn 67ms (cache revalidated)
npm http fetch GET 200 https://registry.npmjs.org/extsprintf 68ms (cache revalidated)
npm http fetch GET 200 https://registry.npmjs.org/safer-buffer 69ms (cache revalidated)
npm http fetch GET 200 https://registry.npmjs.org/bcrypt-pbkdf 71ms (cache revalidated)
npm http fetch GET 200 https://registry.npmjs.org/getpass 93ms (cache revalidated)
npm http fetch GET 200 https://registry.npmjs.org/json-schema 254ms (cache revalidated)
npm http fetch GET 200 https://registry.npmjs.org/ansi-escapes 51ms (cache revalidated)
npm http fetch GET 200 https://registry.npmjs.org/tslib 51ms (cache revalidated)
npm http fetch GET 200 https://registry.npmjs.org/aggregate-error 52ms (cache revalidated)
npm http fetch GET 200 https://registry.npmjs.org/astral-regex 46ms (cache revalidated)
npm http fetch GET 200 https://registry.npmjs.org/type-fest 50ms (cache revalidated)
npm http fetch GET 200 https://registry.npmjs.org/concat-map 51ms (cache revalidated)
npm http fetch GET 200 https://registry.npmjs.org/balanced-match 64ms (cache revalidated)
npm http fetch GET 200 https://registry.npmjs.org/is-binary-path 54ms (cache revalidated)
npm http fetch GET 200 https://registry.npmjs.org/braces 57ms (cache revalidated)
npm http fetch GET 200 https://registry.npmjs.org/fsevents 59ms (cache revalidated)
npm http fetch GET 200 https://registry.npmjs.org/anymatch 72ms (cache revalidated)
npm http fetch GET 200 https://registry.npmjs.org/argparse 71ms (cache revalidated)
npm http fetch GET 200 https://registry.npmjs.org/locate-path 73ms (cache revalidated)
npm http fetch GET 200 https://registry.npmjs.org/randombytes 71ms (cache revalidated)
npm http fetch GET 200 https://registry.npmjs.org/readdirp 74ms (cache revalidated)
npm http fetch GET 200 https://registry.npmjs.org/is-glob 75ms (cache revalidated)
npm http fetch GET 200 https://registry.npmjs.org/path-exists 78ms (cache revalidated)
npm http fetch GET 200 https://registry.npmjs.org/glob-parent 79ms (cache revalidated)
npm http fetch GET 200 https://registry.npmjs.org/flat 61ms (cache revalidated)
npm http fetch GET 200 https://registry.npmjs.org/is-plain-obj 55ms (cache revalidated)
npm http fetch GET 200 https://registry.npmjs.org/escalade 72ms (cache revalidated)
npm http fetch GET 200 https://registry.npmjs.org/camelcase 72ms (cache revalidated)
npm http fetch GET 200 https://registry.npmjs.org/fill-range 46ms (cache revalidated)
npm http fetch GET 200 https://registry.npmjs.org/picomatch 53ms (cache revalidated)
npm http fetch GET 200 https://registry.npmjs.org/binary-extensions 61ms (cache revalidated)
npm http fetch GET 200 https://registry.npmjs.org/is-extglob 61ms (cache revalidated)
npm http fetch GET 200 https://registry.npmjs.org/picomatch 66ms (cache revalidated)
npm http fetch GET 200 https://registry.npmjs.org/to-regex-range 49ms (cache revalidated)
npm http fetch GET 200 https://registry.npmjs.org/is-number 56ms (cache revalidated)
npm http fetch GET 200 https://registry.npmjs.org/p-locate 46ms (cache revalidated)
npm http fetch GET 200 https://registry.npmjs.org/p-limit 51ms (cache revalidated)
npm http fetch GET 200 https://registry.npmjs.org/easy-stack 225ms (cache revalidated)
npm http fetch GET 200 https://registry.npmjs.org/yocto-queue 42ms (cache revalidated)
npm http fetch GET 200 https://registry.npmjs.org/clean-stack 45ms (cache revalidated)
npm http fetch GET 200 https://registry.npmjs.org/indent-string 51ms (cache revalidated)
npm http fetch GET 200 https://registry.npmjs.org/split 47ms (cache revalidated)
npm http fetch GET 200 https://registry.npmjs.org/from 49ms (cache revalidated)
npm http fetch GET 200 https://registry.npmjs.org/duplexer 58ms (cache revalidated)
npm http fetch GET 200 https://registry.npmjs.org/stream-combiner 60ms (cache revalidated)
npm http fetch GET 200 https://registry.npmjs.org/map-stream 63ms (cache revalidated)
npm http fetch GET 200 https://registry.npmjs.org/pause-stream 221ms (cache revalidated)
npm http fetch GET 200 https://registry.npmjs.org/object-inspect 44ms (cache revalidated)
npm http fetch GET 200 https://registry.npmjs.org/es-errors 47ms (cache revalidated)
npm http fetch GET 200 https://registry.npmjs.org/get-intrinsic 51ms (cache revalidated)
npm http fetch GET 200 https://registry.npmjs.org/call-bind 62ms (cache revalidated)
npm http fetch GET 200 https://registry.npmjs.org/har-schema 508ms (cache revalidated)
npm http fetch GET 200 https://registry.npmjs.org/fast-json-stable-stringify 46ms (cache revalidated)
npm http fetch GET 200 https://registry.npmjs.org/uri-js 48ms (cache revalidated)
npm http fetch GET 200 https://registry.npmjs.org/json-schema-traverse 48ms (cache revalidated)
npm http fetch GET 200 https://registry.npmjs.org/fast-deep-equal 53ms (cache revalidated)
npm http fetch GET 200 https://registry.npmjs.org/function-bind 53ms (cache revalidated)
npm http fetch GET 200 https://registry.npmjs.org/es-define-property 54ms (cache revalidated)
npm http fetch GET 200 https://registry.npmjs.org/hasown 58ms (cache revalidated)
npm http fetch GET 200 https://registry.npmjs.org/has-proto 66ms (cache revalidated)
npm http fetch GET 200 https://registry.npmjs.org/has-symbols 67ms (cache revalidated)
npm http fetch GET 200 https://registry.npmjs.org/set-function-length 70ms (cache revalidated)
npm http fetch GET 200 https://registry.npmjs.org/has-property-descriptors 45ms (cache revalidated)
npm http fetch GET 200 https://registry.npmjs.org/gopd 51ms (cache revalidated)
npm http fetch GET 200 https://registry.npmjs.org/define-data-property 54ms (cache revalidated)
npm http fetch GET 200 https://registry.npmjs.org/querystringify 46ms (cache revalidated)
npm http fetch GET 200 https://registry.npmjs.org/requires-port 48ms (cache revalidated)
npm http fetch GET 200 https://registry.npmjs.org/escape-goat 45ms (cache revalidated)
npm http fetch GET 200 https://registry.npmjs.org/ansi-align 49ms (cache revalidated)
npm http fetch GET 200 https://registry.npmjs.org/cli-boxes 55ms (cache revalidated)
npm http fetch GET 200 https://registry.npmjs.org/unique-string 55ms (cache revalidated)
npm http fetch GET 200 https://registry.npmjs.org/dot-prop 56ms (cache revalidated)
npm http fetch GET 200 https://registry.npmjs.org/package-json 62ms (cache revalidated)
npm http fetch GET 200 https://registry.npmjs.org/widest-line 68ms (cache revalidated)
npm http fetch GET 200 https://registry.npmjs.org/write-file-atomic 73ms (cache revalidated)
npm http fetch GET 200 https://registry.npmjs.org/eastasianwidth 45ms (cache revalidated)
npm http fetch GET 200 https://registry.npmjs.org/imurmurhash 50ms (cache revalidated)
npm http fetch GET 200 https://registry.npmjs.org/typedarray-to-buffer 53ms (cache revalidated)
npm http fetch GET 200 https://registry.npmjs.org/crypto-random-string 54ms (cache revalidated)
npm http fetch GET 200 https://registry.npmjs.org/is-obj 524ms (cache revalidated)
npm http fetch GET 200 https://registry.npmjs.org/registry-url 55ms (cache revalidated)
npm http fetch GET 200 https://registry.npmjs.org/registry-auth-token 62ms (cache revalidated)
npm http fetch GET 200 https://registry.npmjs.org/got 78ms (cache updated)
npm http fetch GET 200 https://registry.npmjs.org/responselike 67ms (cache revalidated)
npm http fetch GET 200 https://registry.npmjs.org/http2-wrapper 68ms (cache revalidated)
npm http fetch GET 200 https://registry.npmjs.org/cacheable-lookup 73ms (cache revalidated)
npm http fetch GET 200 https://registry.npmjs.org/cacheable-request 80ms (cache revalidated)
npm http fetch GET 200 https://registry.npmjs.org/decompress-response 85ms (cache revalidated)
npm http fetch GET 200 https://registry.npmjs.org/@sindresorhus%2fis 94ms (cache revalidated)
npm http fetch GET 200 https://registry.npmjs.org/@pnpm%2fnpm-conf 99ms (cache revalidated)
npm http fetch GET 200 https://registry.npmjs.org/p-cancelable 106ms (cache revalidated)
npm http fetch GET 200 https://registry.npmjs.org/rc 78ms (cache revalidated)
npm http fetch GET 200 https://registry.npmjs.org/lowercase-keys 550ms (cache revalidated)
npm http fetch GET 200 https://registry.npmjs.org/form-data-encoder 555ms (cache revalidated)
npm http fetch GET 200 https://registry.npmjs.org/@szmarczak%2fhttp-timer 1022ms (cache revalidated)
npm http fetch GET 200 https://registry.npmjs.org/mimic-response 64ms (cache revalidated)
npm http fetch GET 200 https://registry.npmjs.org/http-cache-semantics 68ms (cache revalidated)
npm http fetch GET 200 https://registry.npmjs.org/defer-to-connect 71ms (cache revalidated)
npm http fetch GET 200 https://registry.npmjs.org/mimic-response 76ms (cache revalidated)
npm http fetch GET 200 https://registry.npmjs.org/resolve-alpn 77ms (cache revalidated)
npm http fetch GET 200 https://registry.npmjs.org/quick-lru 78ms (cache revalidated)
npm http fetch GET 200 https://registry.npmjs.org/keyv 82ms (cache revalidated)
npm http fetch GET 200 https://registry.npmjs.org/@types%2fhttp-cache-semantics 89ms (cache revalidated)
npm http fetch GET 200 https://registry.npmjs.org/normalize-url 88ms (cache revalidated)
npm http fetch GET 200 https://registry.npmjs.org/json-buffer 66ms (cache revalidated)
npm http fetch GET 200 https://registry.npmjs.org/config-chain 59ms (cache revalidated)
npm http fetch GET 200 https://registry.npmjs.org/@pnpm%2fnetwork.ca-file 92ms (cache revalidated)
npm http fetch GET 200 https://registry.npmjs.org/@pnpm%2fconfig.env-replace 106ms (cache revalidated)
npm http fetch GET 200 https://registry.npmjs.org/proto-list 61ms (cache revalidated)
npm http fetch GET 200 https://registry.npmjs.org/deep-extend 56ms (cache revalidated)
npm http fetch GET 200 https://registry.npmjs.org/pend 49ms (cache revalidated)
npm http fetch GET 200 https://registry.npmjs.org/crc32-stream 54ms (cache revalidated)
npm http fetch GET 200 https://registry.npmjs.org/crc-32 52ms (cache revalidated)
npm http fetch GET 200 https://registry.npmjs.org/buffer-fill 55ms (cache revalidated)
npm http fetch GET 200 https://registry.npmjs.org/buffer-alloc-unsafe 56ms (cache revalidated)
npm http fetch GET 200 https://registry.npmjs.org/p-try 51ms (cache revalidated)
npm verbose reify failed optional dependency C:\Users\LewisBrennan\NonClient_MainDirectory\General\EOY-Projects\BrowserStackCypress\cypress\tmpBstackPackages\node_modules\fsevents
npm http fetch POST 200 https://registry.npmjs.org/-/npm/v1/security/advisories/bulk 1020ms
npm warn deprecated inflight@1.0.6: This module is not supported, and leaks memory. Do not use it. Check out lru-cache if you want a good and tested way to coalesce async requests by a key value, which is much more comprehensive and powerful.
npm warn deprecated rimraf@2.5.4: Rimraf versions prior to v4 are no longer supported
npm warn deprecated har-validator@5.1.5: this library is no longer supported
npm warn deprecated glob@7.2.3: Glob versions prior to v9 are no longer supported
npm warn deprecated glob@8.1.0: Glob versions prior to v9 are no longer supported
npm warn deprecated uuid@3.4.0: Please upgrade  to version 7 or higher.  Older versions may use Math.random() in certain circumstances, which is known to be problematic.  See https://v8.dev/blog/math-random for details.
npm warn deprecated request@2.88.2: request has been deprecated, see https://github.com/request/request/issues/3142
npm http fetch GET 200 https://registry.npmjs.org/@types/node/-/node-20.14.12.tgz 3790ms (cache miss)
npm http fetch GET 200 https://registry.npmjs.org/dayjs/-/dayjs-1.11.12.tgz 4756ms (cache miss)
npm http fetch GET 200 https://registry.npmjs.org/cypress/-/cypress-13.13.1.tgz 5747ms (cache miss)
npm info run cypress@13.13.1 postinstall node_modules/cypress node index.js --exec install
npm info run cypress@13.13.1 postinstall { code: 0, signal: null }

added 460 packages, and audited 461 packages in 21s

94 packages are looking for funding
  run `npm fund` for details

3 moderate severity vulnerabilities

To address all issues (including breaking changes), run:
  npm audit fix --force

Run `npm audit` for details.
npm verbose exit 0
npm info ok
